[0.009s] Invoking command in '/home/vyra/Documents/Robots/ws-rover/build/rover': CMAKE_PREFIX_PATH=${CMAKE_PREFIX_PATH}:/opt/ros/jazzy DEBUGINFOD_URLS=https://debuginfod.ubuntu.com /usr/bin/cmake /home/vyra/Documents/Robots/ws-rover/src/rover -DAMENT_CMAKE_SYMLINK_INSTALL=1 -DCMAKE_INSTALL_PREFIX=/home/vyra/Documents/Robots/ws-rover/install/rover
[0.051s] -- The C compiler identification is GNU 13.3.0
[0.094s] -- The CXX compiler identification is GNU 13.3.0
[0.106s] -- Detecting C compiler ABI info
[0.171s] -- Detecting C compiler ABI info - done
[0.179s] -- Check for working C compiler: /usr/bin/cc - skipped
[0.179s] -- Detecting C compile features
[0.180s] -- Detecting C compile features - done
[0.187s] -- Detecting CXX compiler ABI info
[0.262s] -- Detecting CXX compiler ABI info - done
[0.270s] -- Check for working CXX compiler: /usr/bin/c++ - skipped
[0.270s] -- Detecting CXX compile features
[0.271s] -- Detecting CXX compile features - done
[0.273s] -- Found ament_cmake: 2.5.6 (/opt/ros/jazzy/share/ament_cmake/cmake)
[0.392s] -- Found Python3: /usr/bin/python3 (found version "3.12.3") found components: Interpreter 
[0.452s] -- Override CMake install command with custom implementation using symlinks instead of copying resources
[0.491s] -- Found ament_lint_auto: 0.17.5 (/opt/ros/jazzy/share/ament_lint_auto/cmake)
[0.587s] -- Added test 'copyright' to check source files copyright and LICENSE
[0.589s] -- Added test 'flake8' to check Python code syntax and style conventions
[0.589s] -- Configured 'flake8' exclude dirs and/or files: 
[0.590s] -- Added test 'lint_cmake' to check CMake code style
[0.590s] -- Added test 'pep257' to check Python code against some of the docstring style conventions in PEP 257
[0.591s] -- Added test 'xmllint' to check XML markup files
[0.593s] -- Configuring done (0.6s)
[0.595s] -- Generating done (0.0s)
[0.596s] -- Build files have been written to: /home/vyra/Documents/Robots/ws-rover/build/rover
[0.600s] Invoked command in '/home/vyra/Documents/Robots/ws-rover/build/rover' returned '0': CMAKE_PREFIX_PATH=${CMAKE_PREFIX_PATH}:/opt/ros/jazzy DEBUGINFOD_URLS=https://debuginfod.ubuntu.com /usr/bin/cmake /home/vyra/Documents/Robots/ws-rover/src/rover -DAMENT_CMAKE_SYMLINK_INSTALL=1 -DCMAKE_INSTALL_PREFIX=/home/vyra/Documents/Robots/ws-rover/install/rover
[0.601s] Invoking command in '/home/vyra/Documents/Robots/ws-rover/build/rover': CMAKE_PREFIX_PATH=${CMAKE_PREFIX_PATH}:/opt/ros/jazzy DEBUGINFOD_URLS=https://debuginfod.ubuntu.com /usr/bin/cmake --build /home/vyra/Documents/Robots/ws-rover/build/rover -- -j12 -l12
[0.632s] Invoked command in '/home/vyra/Documents/Robots/ws-rover/build/rover' returned '0': CMAKE_PREFIX_PATH=${CMAKE_PREFIX_PATH}:/opt/ros/jazzy DEBUGINFOD_URLS=https://debuginfod.ubuntu.com /usr/bin/cmake --build /home/vyra/Documents/Robots/ws-rover/build/rover -- -j12 -l12
[0.640s] Invoking command in '/home/vyra/Documents/Robots/ws-rover/build/rover': CMAKE_PREFIX_PATH=${CMAKE_PREFIX_PATH}:/opt/ros/jazzy DEBUGINFOD_URLS=https://debuginfod.ubuntu.com /usr/bin/cmake --install /home/vyra/Documents/Robots/ws-rover/build/rover
[0.646s] -- Install configuration: ""
[0.646s] -- Execute custom install script
[0.646s] -- Symlinking: /home/vyra/Documents/Robots/ws-rover/install/rover/share/rover/config/empty.yaml
[0.653s] -- Symlinking: /home/vyra/Documents/Robots/ws-rover/install/rover/share/rover/description/robot.urdf.xacro
[0.660s] -- Symlinking: /home/vyra/Documents/Robots/ws-rover/install/rover/share/rover/launch/rsp.launch.py
[0.667s] -- Symlinking: /home/vyra/Documents/Robots/ws-rover/install/rover/share/rover/worlds/empty.world
[0.674s] -- Symlinking: /home/vyra/Documents/Robots/ws-rover/install/rover/share/ament_index/resource_index/package_run_dependencies/rover
[0.680s] -- Symlinking: /home/vyra/Documents/Robots/ws-rover/install/rover/share/ament_index/resource_index/parent_prefix_path/rover
[0.687s] -- Symlinking: /home/vyra/Documents/Robots/ws-rover/install/rover/share/rover/environment/ament_prefix_path.sh
[0.693s] -- Symlinking: /home/vyra/Documents/Robots/ws-rover/install/rover/share/rover/environment/ament_prefix_path.dsv
[0.700s] -- Symlinking: /home/vyra/Documents/Robots/ws-rover/install/rover/share/rover/environment/path.sh
[0.707s] -- Symlinking: /home/vyra/Documents/Robots/ws-rover/install/rover/share/rover/environment/path.dsv
[0.714s] -- Symlinking: /home/vyra/Documents/Robots/ws-rover/install/rover/share/rover/local_setup.bash
[0.721s] -- Symlinking: /home/vyra/Documents/Robots/ws-rover/install/rover/share/rover/local_setup.sh
[0.728s] -- Symlinking: /home/vyra/Documents/Robots/ws-rover/install/rover/share/rover/local_setup.zsh
[0.735s] -- Symlinking: /home/vyra/Documents/Robots/ws-rover/install/rover/share/rover/local_setup.dsv
[0.742s] -- Symlinking: /home/vyra/Documents/Robots/ws-rover/install/rover/share/rover/package.dsv
[0.748s] -- Symlinking: /home/vyra/Documents/Robots/ws-rover/install/rover/share/ament_index/resource_index/packages/rover
[0.755s] -- Symlinking: /home/vyra/Documents/Robots/ws-rover/install/rover/share/rover/cmake/roverConfig.cmake
[0.762s] -- Symlinking: /home/vyra/Documents/Robots/ws-rover/install/rover/share/rover/cmake/roverConfig-version.cmake
[0.769s] -- Symlinking: /home/vyra/Documents/Robots/ws-rover/install/rover/share/rover/package.xml
[0.777s] Invoked command in '/home/vyra/Documents/Robots/ws-rover/build/rover' returned '0': CMAKE_PREFIX_PATH=${CMAKE_PREFIX_PATH}:/opt/ros/jazzy DEBUGINFOD_URLS=https://debuginfod.ubuntu.com /usr/bin/cmake --install /home/vyra/Documents/Robots/ws-rover/build/rover
