[0.009s] Invoking command in '/home/vyra/Documents/Robots/ws-rover/build/rover': CMAKE_PREFIX_PATH=${CMAKE_PREFIX_PATH}:/opt/ros/jazzy DEBUGINFOD_URLS=https://debuginfod.ubuntu.com /usr/bin/cmake --build /home/vyra/Documents/Robots/ws-rover/build/rover -- -j12 -l12
[0.040s] Invoked command in '/home/vyra/Documents/Robots/ws-rover/build/rover' returned '0': CMAKE_PREFIX_PATH=${CMAKE_PREFIX_PATH}:/opt/ros/jazzy DEBUGINFOD_URLS=https://debuginfod.ubuntu.com /usr/bin/cmake --build /home/vyra/Documents/Robots/ws-rover/build/rover -- -j12 -l12
[0.049s] Invoking command in '/home/vyra/Documents/Robots/ws-rover/build/rover': CMAKE_PREFIX_PATH=${CMAKE_PREFIX_PATH}:/opt/ros/jazzy DEBUGINFOD_URLS=https://debuginfod.ubuntu.com /usr/bin/cmake --install /home/vyra/Documents/Robots/ws-rover/build/rover
[0.055s] -- Install configuration: ""
[0.056s] -- Up-to-date: /home/vyra/Documents/Robots/ws-rover/install/rover/share/rover/config
[0.056s] -- Up-to-date: /home/vyra/Documents/Robots/ws-rover/install/rover/share/rover/config/empty.yaml
[0.056s] -- Up-to-date: /home/vyra/Documents/Robots/ws-rover/install/rover/share/rover/description
[0.056s] -- Up-to-date: /home/vyra/Documents/Robots/ws-rover/install/rover/share/rover/description/robot.urdf.xacro
[0.056s] -- Up-to-date: /home/vyra/Documents/Robots/ws-rover/install/rover/share/rover/launch
[0.056s] -- Up-to-date: /home/vyra/Documents/Robots/ws-rover/install/rover/share/rover/launch/rsp.launch.py
[0.056s] -- Up-to-date: /home/vyra/Documents/Robots/ws-rover/install/rover/share/rover/worlds
[0.056s] -- Up-to-date: /home/vyra/Documents/Robots/ws-rover/install/rover/share/rover/worlds/empty.world
[0.056s] -- Up-to-date: /home/vyra/Documents/Robots/ws-rover/install/rover/share/ament_index/resource_index/package_run_dependencies/rover
[0.056s] -- Up-to-date: /home/vyra/Documents/Robots/ws-rover/install/rover/share/ament_index/resource_index/parent_prefix_path/rover
[0.056s] -- Up-to-date: /home/vyra/Documents/Robots/ws-rover/install/rover/share/rover/environment/ament_prefix_path.sh
[0.056s] -- Up-to-date: /home/vyra/Documents/Robots/ws-rover/install/rover/share/rover/environment/ament_prefix_path.dsv
[0.057s] -- Up-to-date: /home/vyra/Documents/Robots/ws-rover/install/rover/share/rover/environment/path.sh
[0.057s] -- Up-to-date: /home/vyra/Documents/Robots/ws-rover/install/rover/share/rover/environment/path.dsv
[0.057s] -- Up-to-date: /home/vyra/Documents/Robots/ws-rover/install/rover/share/rover/local_setup.bash
[0.057s] -- Up-to-date: /home/vyra/Documents/Robots/ws-rover/install/rover/share/rover/local_setup.sh
[0.057s] -- Up-to-date: /home/vyra/Documents/Robots/ws-rover/install/rover/share/rover/local_setup.zsh
[0.058s] -- Up-to-date: /home/vyra/Documents/Robots/ws-rover/install/rover/share/rover/local_setup.dsv
[0.058s] -- Up-to-date: /home/vyra/Documents/Robots/ws-rover/install/rover/share/rover/package.dsv
[0.058s] -- Up-to-date: /home/vyra/Documents/Robots/ws-rover/install/rover/share/ament_index/resource_index/packages/rover
[0.058s] -- Up-to-date: /home/vyra/Documents/Robots/ws-rover/install/rover/share/rover/cmake/roverConfig.cmake
[0.058s] -- Up-to-date: /home/vyra/Documents/Robots/ws-rover/install/rover/share/rover/cmake/roverConfig-version.cmake
[0.059s] -- Up-to-date: /home/vyra/Documents/Robots/ws-rover/install/rover/share/rover/package.xml
[0.059s] Invoked command in '/home/vyra/Documents/Robots/ws-rover/build/rover' returned '0': CMAKE_PREFIX_PATH=${CMAKE_PREFIX_PATH}:/opt/ros/jazzy DEBUGINFOD_URLS=https://debuginfod.ubuntu.com /usr/bin/cmake --install /home/vyra/Documents/Robots/ws-rover/build/rover
