[0.012s] Invoking command in '/home/vyra/Documents/Robots/ws-rover/build/rover': CMAKE_PREFIX_PATH=${CMAKE_PREFIX_PATH}:/opt/ros/jazzy DEBUGINFOD_URLS=https://debuginfod.ubuntu.com /usr/bin/cmake --build /home/vyra/Documents/Robots/ws-rover/build/rover -- -j12 -l12
[0.056s] Invoked command in '/home/vyra/Documents/Robots/ws-rover/build/rover' returned '0': CMAKE_PREFIX_PATH=${CMAKE_PREFIX_PATH}:/opt/ros/jazzy DEBUGINFOD_URLS=https://debuginfod.ubuntu.com /usr/bin/cmake --build /home/vyra/Documents/Robots/ws-rover/build/rover -- -j12 -l12
[0.064s] Invoking command in '/home/vyra/Documents/Robots/ws-rover/build/rover': CMAKE_PREFIX_PATH=${CMAKE_PREFIX_PATH}:/opt/ros/jazzy DEBUGINFOD_URLS=https://debuginfod.ubuntu.com /usr/bin/cmake --install /home/vyra/Documents/Robots/ws-rover/build/rover
[0.073s] -- Install configuration: ""
[0.074s] -- Execute custom install script
[0.075s] -- Up-to-date symlink: /home/vyra/Documents/Robots/ws-rover/install/rover/share/rover/config/empty.yaml
[0.076s] -- Up-to-date symlink: /home/vyra/Documents/Robots/ws-rover/install/rover/share/rover/description/robot.urdf.xacro
[0.076s] -- Symlinking: /home/vyra/Documents/Robots/ws-rover/install/rover/share/rover/description/robot_core.xacro
[0.083s] -- Up-to-date symlink: /home/vyra/Documents/Robots/ws-rover/install/rover/share/rover/launch/rsp.launch.py
[0.083s] -- Up-to-date symlink: /home/vyra/Documents/Robots/ws-rover/install/rover/share/rover/worlds/empty.world
[0.083s] -- Up-to-date symlink: /home/vyra/Documents/Robots/ws-rover/install/rover/share/ament_index/resource_index/package_run_dependencies/rover
[0.083s] -- Up-to-date symlink: /home/vyra/Documents/Robots/ws-rover/install/rover/share/ament_index/resource_index/parent_prefix_path/rover
[0.083s] -- Up-to-date symlink: /home/vyra/Documents/Robots/ws-rover/install/rover/share/rover/environment/ament_prefix_path.sh
[0.084s] -- Up-to-date symlink: /home/vyra/Documents/Robots/ws-rover/install/rover/share/rover/environment/ament_prefix_path.dsv
[0.084s] -- Up-to-date symlink: /home/vyra/Documents/Robots/ws-rover/install/rover/share/rover/environment/path.sh
[0.084s] -- Up-to-date symlink: /home/vyra/Documents/Robots/ws-rover/install/rover/share/rover/environment/path.dsv
[0.084s] -- Up-to-date symlink: /home/vyra/Documents/Robots/ws-rover/install/rover/share/rover/local_setup.bash
[0.084s] -- Up-to-date symlink: /home/vyra/Documents/Robots/ws-rover/install/rover/share/rover/local_setup.sh
[0.084s] -- Up-to-date symlink: /home/vyra/Documents/Robots/ws-rover/install/rover/share/rover/local_setup.zsh
[0.084s] -- Up-to-date symlink: /home/vyra/Documents/Robots/ws-rover/install/rover/share/rover/local_setup.dsv
[0.084s] -- Symlinking: /home/vyra/Documents/Robots/ws-rover/install/rover/share/rover/package.dsv
[0.091s] -- Up-to-date symlink: /home/vyra/Documents/Robots/ws-rover/install/rover/share/ament_index/resource_index/packages/rover
[0.091s] -- Up-to-date symlink: /home/vyra/Documents/Robots/ws-rover/install/rover/share/rover/cmake/roverConfig.cmake
[0.092s] -- Up-to-date symlink: /home/vyra/Documents/Robots/ws-rover/install/rover/share/rover/cmake/roverConfig-version.cmake
[0.092s] -- Up-to-date symlink: /home/vyra/Documents/Robots/ws-rover/install/rover/share/rover/package.xml
[0.093s] Invoked command in '/home/vyra/Documents/Robots/ws-rover/build/rover' returned '0': CMAKE_PREFIX_PATH=${CMAKE_PREFIX_PATH}:/opt/ros/jazzy DEBUGINFOD_URLS=https://debuginfod.ubuntu.com /usr/bin/cmake --install /home/vyra/Documents/Robots/ws-rover/build/rover
