[0.091s] DEBUG:colcon:Command line arguments: ['/usr/bin/colcon', 'build', '--symlink-install']
[0.091s] DEBUG:colcon:Parsed command line arguments: Namespace(log_base=None, log_level=None, verb_name='build', build_base='build', install_base='install', merge_install=False, symlink_install=True, test_result_base=None, continue_on_error=False, executor='parallel', parallel_workers=12, event_handlers=None, ignore_user_meta=False, metas=['./colcon.meta'], base_paths=['.'], packages_ignore=None, packages_ignore_regex=None, paths=None, packages_up_to=None, packages_up_to_regex=None, packages_above=None, packages_above_and_dependencies=None, packages_above_depth=None, packages_select_by_dep=None, packages_skip_by_dep=None, packages_skip_up_to=None, packages_select_build_failed=False, packages_skip_build_finished=False, packages_select_test_failures=False, packages_skip_test_passed=False, packages_select=None, packages_skip=None, packages_select_regex=None, packages_skip_regex=None, packages_start=None, packages_end=None, cmake_args=None, cmake_target=None, cmake_target_skip_unavailable=False, cmake_clean_cache=False, cmake_clean_first=False, cmake_force_configure=False, ament_cmake_args=None, catkin_cmake_args=None, catkin_skip_building_tests=False, verb_parser=<colcon_defaults.argument_parser.defaults.DefaultArgumentsDecorator object at 0x7c35ad108320>, verb_extension=<colcon_core.verb.build.BuildVerb object at 0x7c35ad108170>, main=<bound method BuildVerb.main of <colcon_core.verb.build.BuildVerb object at 0x7c35ad108170>>)
[0.125s] Level 1:colcon.colcon_core.package_discovery:discover_packages(colcon_meta) check parameters
[0.125s] Level 1:colcon.colcon_core.package_discovery:discover_packages(recursive) check parameters
[0.125s] Level 1:colcon.colcon_core.package_discovery:discover_packages(ignore) check parameters
[0.125s] Level 1:colcon.colcon_core.package_discovery:discover_packages(path) check parameters
[0.125s] Level 1:colcon.colcon_core.package_discovery:discover_packages(colcon_meta) discover
[0.125s] Level 1:colcon.colcon_core.package_discovery:discover_packages(recursive) discover
[0.125s] INFO:colcon.colcon_core.package_discovery:Crawling recursively for packages in '/home/vyra/Documents/Robots/ws-rover'
[0.125s] Level 1:colcon.colcon_core.package_identification:_identify(.) by extensions ['ignore', 'ignore_ament_install']
[0.125s] Level 1:colcon.colcon_core.package_identification:_identify(.) by extension 'ignore'
[0.125s] Level 1:colcon.colcon_core.package_identification:_identify(.) by extension 'ignore_ament_install'
[0.125s] Level 1:colcon.colcon_core.package_identification:_identify(.) by extensions ['colcon_pkg']
[0.125s] Level 1:colcon.colcon_core.package_identification:_identify(.) by extension 'colcon_pkg'
[0.125s] Level 1:colcon.colcon_core.package_identification:_identify(.) by extensions ['colcon_meta']
[0.125s] Level 1:colcon.colcon_core.package_identification:_identify(.) by extension 'colcon_meta'
[0.125s] Level 1:colcon.colcon_core.package_identification:_identify(.) by extensions ['ros']
[0.125s] Level 1:colcon.colcon_core.package_identification:_identify(.) by extension 'ros'
[0.148s] Level 1:colcon.colcon_core.package_identification:_identify(.) by extensions ['cmake', 'python']
[0.148s] Level 1:colcon.colcon_core.package_identification:_identify(.) by extension 'cmake'
[0.148s] Level 1:colcon.colcon_core.package_identification:_identify(.) by extension 'python'
[0.148s] Level 1:colcon.colcon_core.package_identification:_identify(.) by extensions ['python_setup_py']
[0.148s] Level 1:colcon.colcon_core.package_identification:_identify(.) by extension 'python_setup_py'
[0.148s] Level 1:colcon.colcon_core.package_identification:_identify(build) by extensions ['ignore', 'ignore_ament_install']
[0.148s] Level 1:colcon.colcon_core.package_identification:_identify(build) by extension 'ignore'
[0.148s] Level 1:colcon.colcon_core.package_identification:_identify(build) ignored
[0.148s] Level 1:colcon.colcon_core.package_identification:_identify(install) by extensions ['ignore', 'ignore_ament_install']
[0.148s] Level 1:colcon.colcon_core.package_identification:_identify(install) by extension 'ignore'
[0.149s] Level 1:colcon.colcon_core.package_identification:_identify(install) ignored
[0.149s] Level 1:colcon.colcon_core.package_identification:_identify(log) by extensions ['ignore', 'ignore_ament_install']
[0.149s] Level 1:colcon.colcon_core.package_identification:_identify(log) by extension 'ignore'
[0.149s] Level 1:colcon.colcon_core.package_identification:_identify(log) ignored
[0.149s] Level 1:colcon.colcon_core.package_identification:_identify(src) by extensions ['ignore', 'ignore_ament_install']
[0.149s] Level 1:colcon.colcon_core.package_identification:_identify(src) by extension 'ignore'
[0.149s] Level 1:colcon.colcon_core.package_identification:_identify(src) by extension 'ignore_ament_install'
[0.149s] Level 1:colcon.colcon_core.package_identification:_identify(src) by extensions ['colcon_pkg']
[0.149s] Level 1:colcon.colcon_core.package_identification:_identify(src) by extension 'colcon_pkg'
[0.149s] Level 1:colcon.colcon_core.package_identification:_identify(src) by extensions ['colcon_meta']
[0.149s] Level 1:colcon.colcon_core.package_identification:_identify(src) by extension 'colcon_meta'
[0.149s] Level 1:colcon.colcon_core.package_identification:_identify(src) by extensions ['ros']
[0.149s] Level 1:colcon.colcon_core.package_identification:_identify(src) by extension 'ros'
[0.149s] Level 1:colcon.colcon_core.package_identification:_identify(src) by extensions ['cmake', 'python']
[0.149s] Level 1:colcon.colcon_core.package_identification:_identify(src) by extension 'cmake'
[0.149s] Level 1:colcon.colcon_core.package_identification:_identify(src) by extension 'python'
[0.149s] Level 1:colcon.colcon_core.package_identification:_identify(src) by extensions ['python_setup_py']
[0.149s] Level 1:colcon.colcon_core.package_identification:_identify(src) by extension 'python_setup_py'
[0.150s] Level 1:colcon.colcon_core.package_identification:_identify(src/rover) by extensions ['ignore', 'ignore_ament_install']
[0.150s] Level 1:colcon.colcon_core.package_identification:_identify(src/rover) by extension 'ignore'
[0.150s] Level 1:colcon.colcon_core.package_identification:_identify(src/rover) by extension 'ignore_ament_install'
[0.150s] Level 1:colcon.colcon_core.package_identification:_identify(src/rover) by extensions ['colcon_pkg']
[0.150s] Level 1:colcon.colcon_core.package_identification:_identify(src/rover) by extension 'colcon_pkg'
[0.150s] Level 1:colcon.colcon_core.package_identification:_identify(src/rover) by extensions ['colcon_meta']
[0.150s] Level 1:colcon.colcon_core.package_identification:_identify(src/rover) by extension 'colcon_meta'
[0.150s] Level 1:colcon.colcon_core.package_identification:_identify(src/rover) by extensions ['ros']
[0.150s] Level 1:colcon.colcon_core.package_identification:_identify(src/rover) by extension 'ros'
[0.153s] DEBUG:colcon.colcon_core.package_identification:Package 'src/rover' with type 'ros.ament_cmake' and name 'rover'
[0.153s] Level 1:colcon.colcon_core.package_discovery:discover_packages(recursive) using defaults
[0.153s] Level 1:colcon.colcon_core.package_discovery:discover_packages(ignore) discover
[0.153s] Level 1:colcon.colcon_core.package_discovery:discover_packages(ignore) using defaults
[0.153s] Level 1:colcon.colcon_core.package_discovery:discover_packages(path) discover
[0.153s] Level 1:colcon.colcon_core.package_discovery:discover_packages(path) using defaults
[0.168s] Level 5:colcon.colcon_core.verb:set package 'rover' build argument 'cmake_args' from command line to 'None'
[0.168s] Level 5:colcon.colcon_core.verb:set package 'rover' build argument 'cmake_target' from command line to 'None'
[0.168s] Level 5:colcon.colcon_core.verb:set package 'rover' build argument 'cmake_target_skip_unavailable' from command line to 'False'
[0.168s] Level 5:colcon.colcon_core.verb:set package 'rover' build argument 'cmake_clean_cache' from command line to 'False'
[0.168s] Level 5:colcon.colcon_core.verb:set package 'rover' build argument 'cmake_clean_first' from command line to 'False'
[0.168s] Level 5:colcon.colcon_core.verb:set package 'rover' build argument 'cmake_force_configure' from command line to 'False'
[0.168s] Level 5:colcon.colcon_core.verb:set package 'rover' build argument 'ament_cmake_args' from command line to 'None'
[0.168s] Level 5:colcon.colcon_core.verb:set package 'rover' build argument 'catkin_cmake_args' from command line to 'None'
[0.168s] Level 5:colcon.colcon_core.verb:set package 'rover' build argument 'catkin_skip_building_tests' from command line to 'False'
[0.168s] DEBUG:colcon.colcon_core.verb:Building package 'rover' with the following arguments: {'ament_cmake_args': None, 'build_base': '/home/vyra/Documents/Robots/ws-rover/build/rover', 'catkin_cmake_args': None, 'catkin_skip_building_tests': False, 'cmake_args': None, 'cmake_clean_cache': False, 'cmake_clean_first': False, 'cmake_force_configure': False, 'cmake_target': None, 'cmake_target_skip_unavailable': False, 'install_base': '/home/vyra/Documents/Robots/ws-rover/install/rover', 'merge_install': False, 'path': '/home/vyra/Documents/Robots/ws-rover/src/rover', 'symlink_install': True, 'test_result_base': None}
[0.168s] INFO:colcon.colcon_core.executor:Executing jobs using 'parallel' executor
[0.169s] DEBUG:colcon.colcon_parallel_executor.executor.parallel:run_until_complete
[0.169s] INFO:colcon.colcon_ros.task.ament_cmake.build:Building ROS package in '/home/vyra/Documents/Robots/ws-rover/src/rover' with build type 'ament_cmake'
[0.169s] INFO:colcon.colcon_cmake.task.cmake.build:Building CMake package in '/home/vyra/Documents/Robots/ws-rover/src/rover'
[0.171s] INFO:colcon.colcon_core.plugin_system:Skipping extension 'colcon_core.shell.bat': Not used on non-Windows systems
[0.171s] DEBUG:colcon.colcon_core.shell:Skip shell extension 'dsv' for command environment
[0.179s] DEBUG:colcon.colcon_core.event_handler.log_command:Invoking command in '/home/vyra/Documents/Robots/ws-rover/build/rover': CMAKE_PREFIX_PATH=${CMAKE_PREFIX_PATH}:/opt/ros/jazzy DEBUGINFOD_URLS=https://debuginfod.ubuntu.com /usr/bin/cmake --build /home/vyra/Documents/Robots/ws-rover/build/rover -- -j12 -l12
[0.210s] DEBUG:colcon.colcon_core.event_handler.log_command:Invoked command in '/home/vyra/Documents/Robots/ws-rover/build/rover' returned '0': CMAKE_PREFIX_PATH=${CMAKE_PREFIX_PATH}:/opt/ros/jazzy DEBUGINFOD_URLS=https://debuginfod.ubuntu.com /usr/bin/cmake --build /home/vyra/Documents/Robots/ws-rover/build/rover -- -j12 -l12
[0.217s] DEBUG:colcon.colcon_core.event_handler.log_command:Invoking command in '/home/vyra/Documents/Robots/ws-rover/build/rover': CMAKE_PREFIX_PATH=${CMAKE_PREFIX_PATH}:/opt/ros/jazzy DEBUGINFOD_URLS=https://debuginfod.ubuntu.com /usr/bin/cmake --install /home/vyra/Documents/Robots/ws-rover/build/rover
[0.236s] Level 1:colcon.colcon_core.environment:create_environment_scripts_only(rover)
[0.236s] DEBUG:colcon.colcon_core.event_handler.log_command:Invoked command in '/home/vyra/Documents/Robots/ws-rover/build/rover' returned '0': CMAKE_PREFIX_PATH=${CMAKE_PREFIX_PATH}:/opt/ros/jazzy DEBUGINFOD_URLS=https://debuginfod.ubuntu.com /usr/bin/cmake --install /home/vyra/Documents/Robots/ws-rover/build/rover
[0.238s] Level 1:colcon.colcon_core.environment:checking '/home/vyra/Documents/Robots/ws-rover/install/rover' for CMake module files
[0.238s] Level 1:colcon.colcon_core.environment:checking '/home/vyra/Documents/Robots/ws-rover/install/rover' for CMake config files
[0.238s] Level 1:colcon.colcon_core.shell:create_environment_hook('rover', 'cmake_prefix_path')
[0.239s] INFO:colcon.colcon_core.shell:Creating environment descriptor '/home/vyra/Documents/Robots/ws-rover/install/rover/share/rover/hook/cmake_prefix_path.dsv'
[0.239s] INFO:colcon.colcon_core.shell:Creating environment hook '/home/vyra/Documents/Robots/ws-rover/install/rover/share/rover/hook/cmake_prefix_path.sh'
[0.240s] Level 1:colcon.colcon_core.environment:checking '/home/vyra/Documents/Robots/ws-rover/install/rover/bin'
[0.240s] Level 1:colcon.colcon_core.environment:checking '/home/vyra/Documents/Robots/ws-rover/install/rover/lib/pkgconfig/rover.pc'
[0.241s] Level 1:colcon.colcon_core.environment:checking '/home/vyra/Documents/Robots/ws-rover/install/rover/lib/python3.12/site-packages'
[0.242s] Level 1:colcon.colcon_core.environment:checking '/home/vyra/Documents/Robots/ws-rover/install/rover/bin'
[0.242s] INFO:colcon.colcon_core.shell:Creating package descriptor '/home/vyra/Documents/Robots/ws-rover/install/rover/share/rover/package.dsv'
[0.242s] INFO:colcon.colcon_core.shell:Creating package script '/home/vyra/Documents/Robots/ws-rover/install/rover/share/rover/package.sh'
[0.243s] INFO:colcon.colcon_core.shell:Creating package script '/home/vyra/Documents/Robots/ws-rover/install/rover/share/rover/package.bash'
[0.243s] INFO:colcon.colcon_core.shell:Creating package script '/home/vyra/Documents/Robots/ws-rover/install/rover/share/rover/package.zsh'
[0.244s] Level 1:colcon.colcon_core.environment:create_file_with_runtime_dependencies(/home/vyra/Documents/Robots/ws-rover/install/rover/share/colcon-core/packages/rover)
[0.244s] Level 1:colcon.colcon_core.environment:create_environment_scripts_only(rover)
[0.245s] Level 1:colcon.colcon_core.environment:checking '/home/vyra/Documents/Robots/ws-rover/install/rover' for CMake module files
[0.245s] Level 1:colcon.colcon_core.environment:checking '/home/vyra/Documents/Robots/ws-rover/install/rover' for CMake config files
[0.245s] Level 1:colcon.colcon_core.shell:create_environment_hook('rover', 'cmake_prefix_path')
[0.245s] INFO:colcon.colcon_core.shell:Creating environment descriptor '/home/vyra/Documents/Robots/ws-rover/install/rover/share/rover/hook/cmake_prefix_path.dsv'
[0.246s] INFO:colcon.colcon_core.shell:Creating environment hook '/home/vyra/Documents/Robots/ws-rover/install/rover/share/rover/hook/cmake_prefix_path.sh'
[0.246s] Level 1:colcon.colcon_core.environment:checking '/home/vyra/Documents/Robots/ws-rover/install/rover/bin'
[0.246s] Level 1:colcon.colcon_core.environment:checking '/home/vyra/Documents/Robots/ws-rover/install/rover/lib/pkgconfig/rover.pc'
[0.247s] Level 1:colcon.colcon_core.environment:checking '/home/vyra/Documents/Robots/ws-rover/install/rover/lib/python3.12/site-packages'
[0.247s] Level 1:colcon.colcon_core.environment:checking '/home/vyra/Documents/Robots/ws-rover/install/rover/bin'
[0.247s] INFO:colcon.colcon_core.shell:Creating package descriptor '/home/vyra/Documents/Robots/ws-rover/install/rover/share/rover/package.dsv'
[0.247s] INFO:colcon.colcon_core.shell:Creating package script '/home/vyra/Documents/Robots/ws-rover/install/rover/share/rover/package.sh'
[0.248s] INFO:colcon.colcon_core.shell:Creating package script '/home/vyra/Documents/Robots/ws-rover/install/rover/share/rover/package.bash'
[0.248s] INFO:colcon.colcon_core.shell:Creating package script '/home/vyra/Documents/Robots/ws-rover/install/rover/share/rover/package.zsh'
[0.249s] Level 1:colcon.colcon_core.environment:create_file_with_runtime_dependencies(/home/vyra/Documents/Robots/ws-rover/install/rover/share/colcon-core/packages/rover)
[0.249s] DEBUG:colcon.colcon_parallel_executor.executor.parallel:closing loop
[0.249s] DEBUG:colcon.colcon_parallel_executor.executor.parallel:loop closed
[0.249s] DEBUG:colcon.colcon_parallel_executor.executor.parallel:run_until_complete finished with '0'
[0.249s] DEBUG:colcon.colcon_core.event_reactor:joining thread
[0.254s] INFO:colcon.colcon_core.plugin_system:Skipping extension 'colcon_notification.desktop_notification.terminal_notifier': Not used on non-Darwin systems
[0.254s] INFO:colcon.colcon_core.plugin_system:Skipping extension 'colcon_notification.desktop_notification.win32': Not used on non-Windows systems
[0.254s] INFO:colcon.colcon_notification.desktop_notification:Sending desktop notification using 'notify2'
[0.265s] DEBUG:colcon.colcon_core.event_reactor:joined thread
[0.265s] INFO:colcon.colcon_core.shell:Creating prefix script '/home/vyra/Documents/Robots/ws-rover/install/local_setup.sh'
[0.266s] INFO:colcon.colcon_core.shell:Creating prefix util module '/home/vyra/Documents/Robots/ws-rover/install/_local_setup_util_sh.py'
[0.268s] INFO:colcon.colcon_core.shell:Creating prefix chain script '/home/vyra/Documents/Robots/ws-rover/install/setup.sh'
[0.269s] INFO:colcon.colcon_core.shell:Creating prefix script '/home/vyra/Documents/Robots/ws-rover/install/local_setup.bash'
[0.270s] INFO:colcon.colcon_core.shell:Creating prefix chain script '/home/vyra/Documents/Robots/ws-rover/install/setup.bash'
[0.271s] INFO:colcon.colcon_core.shell:Creating prefix script '/home/vyra/Documents/Robots/ws-rover/install/local_setup.zsh'
[0.271s] INFO:colcon.colcon_core.shell:Creating prefix chain script '/home/vyra/Documents/Robots/ws-rover/install/setup.zsh'
